<?xml version="1.0" encoding="UTF-8"?>
<!-- Generated by org.testng.reporters.JUnitReportReporter -->
<testsuite skipped="0" hostname="WIN-NO5VUV5PR36" name="pe.com.test.testng.AppTest" tests="6" failures="0" timestamp="06 jun 2018 18:03:23 GMT" time="1.489" errors="0">
  <testcase name="insertarDataProvider" time="0.047" classname="pe.com.test.testng.AppTest"/>
  <testcase name="eliminar" time="0.062" classname="pe.com.test.testng.AppTest"/>
  <testcase name="obtener" time="0.031" classname="pe.com.test.testng.AppTest"/>
  <testcase name="actualizar" time="0.078" classname="pe.com.test.testng.AppTest"/>
  <testcase name="insertarDataProvider" time="0.079" classname="pe.com.test.testng.AppTest"/>
  <testcase name="insertar" time="1.192" classname="pe.com.test.testng.AppTest"/>
</testsuite> <!-- pe.com.test.testng.AppTest -->
