<?xml version="1.0" encoding="UTF-8"?>
<!-- Generated by org.testng.reporters.JUnitReportReporter -->
<testsuite hostname="WIN-NO5VUV5PR36" name="pe.com.test.CategoriaTest" tests="6" failures="0" timestamp="17 Apr 2018 13:36:43 GMT" time="0.531" errors="0">
  <testcase name="insertarDataProvider" time="0.025" classname="pe.com.test.CategoriaTest"/>
  <testcase name="insertarConParametros" time="0.017" classname="pe.com.test.CategoriaTest"/>
  <testcase name="insertarDataProvider" time="0.029" classname="pe.com.test.CategoriaTest"/>
  <testcase name="insertarDataProvider" time="0.011" classname="pe.com.test.CategoriaTest"/>
  <testcase name="insertar" time="0.371" classname="pe.com.test.CategoriaTest"/>
  <testcase name="eliminar" time="0.078" classname="pe.com.test.CategoriaTest"/>
</testsuite> <!-- pe.com.test.CategoriaTest -->
