<?xml version="1.0" encoding="UTF-8"?>
<!-- Generated by org.testng.reporters.JUnitReportReporter -->
<testsuite hostname="WIN-NO5VUV5PR36" name="pe.com.test.testng.AppTest" tests="6" failures="0" timestamp="13 Jun 2018 05:11:52 GMT" time="1.108" errors="0">
  <testcase name="eliminar" time="0.046" classname="pe.com.test.testng.AppTest"/>
  <testcase name="insertarDataProvider" time="0.016" classname="pe.com.test.testng.AppTest"/>
  <testcase name="actualizar" time="0.047" classname="pe.com.test.testng.AppTest"/>
  <testcase name="obtener" time="0.078" classname="pe.com.test.testng.AppTest"/>
  <testcase name="insertarDataProvider" time="0.047" classname="pe.com.test.testng.AppTest"/>
  <testcase name="insertar" time="0.874" classname="pe.com.test.testng.AppTest"/>
</testsuite> <!-- pe.com.test.testng.AppTest -->
